2024.06.30 22:22:48 INFO  Started: Metals version 1.3.2 in folders 'C:\Users\aaa\Desktop\FP\activities\practical-3' for client Visual Studio Code 1.83.0.
SLF4J(W): Class path contains multiple SLF4J providers.
SLF4J(W): Found provider [scribe.slf4j.ScribeServiceProvider@3b8070aa]
SLF4J(W): Found provider [ch.qos.logback.classic.spi.LogbackServiceProvider@2aa6082e]
SLF4J(W): See https://www.slf4j.org/codes.html#multiple_bindings for an explanation.
SLF4J(I): Actual provider is of type [scribe.slf4j.ScribeServiceProvider@3b8070aa]
2024.06.30 22:22:48 WARN  Flyway upgrade recommended: H2 2.2.224 is newer than this version of Flyway and support has not been tested. The latest supported version of H2 is 2.2.220.
2024.06.30 22:22:49 INFO  no build target found for C:\Users\aaa\Desktop\FP\activities\practical-3\src\main\scala\Main.scala. Using presentation compiler with project's scala-library version: 3.3.3
2024.06.30 22:22:59 INFO  running 'C:\Users\aaa\AppData\Local\Coursier\cache\arc\https\github.com\adoptium\temurin11-binaries\releases\download\jdk-11.0.23%252B9\OpenJDK11U-jdk_x64_windows_hotspot_11.0.23_9.zip\jdk-11.0.23+9\bin\java.exe -Djline.terminal=jline.UnsupportedTerminal -Dsbt.log.noformat=true -Dfile.encoding=UTF-8 -jar C:\Users\aaa\AppData\Local\Temp\metals15130082159687798057\sbt-launch.jar -Dbloop.export-jar-classifiers=sources bloopInstall'
2024.06.30 22:23:08 INFO  [info] welcome to sbt 1.9.9 (Eclipse Adoptium Java 11.0.23)
2024.06.30 22:23:12 INFO  [info] loading settings for project practical-3-build-build from metals.sbt ...
2024.06.30 22:23:14 INFO  [info] loading project definition from C:\Users\aaa\Desktop\FP\activities\practical-3\project\project
2024.06.30 22:23:17 INFO  [warn] 
2024.06.30 22:23:17 INFO  [warn] 	Note: Some unresolved dependencies have extra attributes.  Check that these dependencies exist with the requested attributes.
2024.06.30 22:23:17 INFO  [warn] 		ch.epfl.scala:sbt-bloop:1.5.18 (sbtVersion=1.0, scalaVersion=2.12)
2024.06.30 22:23:17 INFO  [warn] 
2024.06.30 22:23:17 INFO  [warn] 	Note: Unresolved dependencies path:
2024.06.30 22:23:17 INFO  [error] sbt.librarymanagement.ResolveException: Error downloading ch.epfl.scala:sbt-bloop;sbtVersion=1.0;scalaVersion=2.12:1.5.18
2024.06.30 22:23:17 INFO  [error]   Not found
2024.06.30 22:23:17 INFO  [error]   Not found
2024.06.30 22:23:17 INFO  [error]   download error: Caught java.net.UnknownHostException (repo1.maven.org) while downloading https://repo1.maven.org/maven2/ch/epfl/scala/sbt-bloop_2.12_1.0/1.5.18/sbt-bloop-1.5.18.pom
2024.06.30 22:23:17 INFO  [error]   not found: C:\Users\aaa\.ivy2\localch.epfl.scala\sbt-bloop\scala_2.12\sbt_1.0\1.5.18\ivys\ivy.xml
2024.06.30 22:23:17 INFO  [error]   download error: Caught java.net.UnknownHostException (repo.scala-sbt.org) while downloading https://repo.scala-sbt.org/scalasbt/sbt-plugin-releases/ch.epfl.scala/sbt-bloop/scala_2.12/sbt_1.0/1.5.18/ivys/ivy.xml
2024.06.30 22:23:17 INFO  [error]   download error: Caught java.net.UnknownHostException (repo.typesafe.com) while downloading https://repo.typesafe.com/typesafe/ivy-releases/ch.epfl.scala/sbt-bloop/scala_2.12/sbt_1.0/1.5.18/ivys/ivy.xml
2024.06.30 22:23:17 INFO  [error] 	at lmcoursier.CoursierDependencyResolution.unresolvedWarningOrThrow(CoursierDependencyResolution.scala:344)
2024.06.30 22:23:17 INFO  [error] 	at lmcoursier.CoursierDependencyResolution.$anonfun$update$38(CoursierDependencyResolution.scala:313)
2024.06.30 22:23:17 INFO  [error] 	at scala.util.Either$LeftProjection.map(Either.scala:573)
2024.06.30 22:23:17 INFO  [error] 	at lmcoursier.CoursierDependencyResolution.update(CoursierDependencyResolution.scala:313)
2024.06.30 22:23:17 INFO  [error] 	at sbt.librarymanagement.DependencyResolution.update(DependencyResolution.scala:60)
2024.06.30 22:23:17 INFO  [error] 	at sbt.internal.LibraryManagement$.resolve$1(LibraryManagement.scala:60)
2024.06.30 22:23:17 INFO  [error] 	at sbt.internal.LibraryManagement$.$anonfun$cachedUpdate$12(LibraryManagement.scala:134)
2024.06.30 22:23:17 INFO  [error] 	at sbt.util.Tracked$.$anonfun$lastOutput$1(Tracked.scala:74)
2024.06.30 22:23:17 INFO  [error] 	at sbt.internal.LibraryManagement$.$anonfun$cachedUpdate$20(LibraryManagement.scala:147)
2024.06.30 22:23:17 INFO  [error] 	at scala.util.control.Exception$Catch.apply(Exception.scala:228)
2024.06.30 22:23:17 INFO  [error] 	at sbt.internal.LibraryManagement$.$anonfun$cachedUpdate$11(LibraryManagement.scala:147)
2024.06.30 22:23:17 INFO  [error] 	at sbt.internal.LibraryManagement$.$anonfun$cachedUpdate$11$adapted(LibraryManagement.scala:128)
2024.06.30 22:23:17 INFO  [error] 	at sbt.util.Tracked$.$anonfun$inputChangedW$1(Tracked.scala:220)
2024.06.30 22:23:17 INFO  [error] 	at sbt.internal.LibraryManagement$.cachedUpdate(LibraryManagement.scala:161)
2024.06.30 22:23:17 INFO  [error] 	at sbt.Classpaths$.$anonfun$updateTask0$1(Defaults.scala:3801)
2024.06.30 22:23:17 INFO  [error] 	at scala.Function1.$anonfun$compose$1(Function1.scala:49)
2024.06.30 22:23:17 INFO  [error] 	at sbt.internal.util.$tilde$greater.$anonfun$$u2219$1(TypeFunctions.scala:63)
2024.06.30 22:23:17 INFO  [error] 	at sbt.std.Transform$$anon$4.work(Transform.scala:69)
2024.06.30 22:23:17 INFO  [error] 	at sbt.Execute.$anonfun$submit$2(Execute.scala:283)
2024.06.30 22:23:17 INFO  [error] 	at sbt.internal.util.ErrorHandling$.wideConvert(ErrorHandling.scala:24)
2024.06.30 22:23:17 INFO  [error] 	at sbt.Execute.work(Execute.scala:292)
2024.06.30 22:23:17 INFO  [error] 	at sbt.Execute.$anonfun$submit$1(Execute.scala:283)
2024.06.30 22:23:17 INFO  [error] 	at sbt.ConcurrentRestrictions$$anon$4.$anonfun$submitValid$1(ConcurrentRestrictions.scala:265)
2024.06.30 22:23:17 INFO  [error] 	at sbt.CompletionService$$anon$2.call(CompletionService.scala:65)
2024.06.30 22:23:17 INFO  [error] 	at java.base/java.util.concurrent.FutureTask.run(FutureTask.java:264)
2024.06.30 22:23:17 INFO  [error] 	at java.base/java.util.concurrent.Executors$RunnableAdapter.call(Executors.java:515)
2024.06.30 22:23:17 INFO  [error] 	at java.base/java.util.concurrent.FutureTask.run(FutureTask.java:264)
2024.06.30 22:23:17 INFO  [error] 	at java.base/java.util.concurrent.ThreadPoolExecutor.runWorker(ThreadPoolExecutor.java:1128)
2024.06.30 22:23:17 INFO  [error] 	at java.base/java.util.concurrent.ThreadPoolExecutor$Worker.run(ThreadPoolExecutor.java:628)
2024.06.30 22:23:17 INFO  [error] 	at java.base/java.lang.Thread.run(Thread.java:829)
2024.06.30 22:23:17 INFO  [error] (update) sbt.librarymanagement.ResolveException: Error downloading ch.epfl.scala:sbt-bloop;sbtVersion=1.0;scalaVersion=2.12:1.5.18
2024.06.30 22:23:17 INFO  [error]   Not found
2024.06.30 22:23:17 INFO  [error]   Not found
2024.06.30 22:23:17 INFO  [error]   download error: Caught java.net.UnknownHostException (repo1.maven.org) while downloading https://repo1.maven.org/maven2/ch/epfl/scala/sbt-bloop_2.12_1.0/1.5.18/sbt-bloop-1.5.18.pom
2024.06.30 22:23:17 INFO  [error]   not found: C:\Users\aaa\.ivy2\localch.epfl.scala\sbt-bloop\scala_2.12\sbt_1.0\1.5.18\ivys\ivy.xml
2024.06.30 22:23:17 INFO  [error]   download error: Caught java.net.UnknownHostException (repo.scala-sbt.org) while downloading https://repo.scala-sbt.org/scalasbt/sbt-plugin-releases/ch.epfl.scala/sbt-bloop/scala_2.12/sbt_1.0/1.5.18/ivys/ivy.xml
2024.06.30 22:23:17 INFO  [error]   download error: Caught java.net.UnknownHostException (repo.typesafe.com) while downloading https://repo.typesafe.com/typesafe/ivy-releases/ch.epfl.scala/sbt-bloop/scala_2.12/sbt_1.0/1.5.18/ivys/ivy.xml
2024.06.30 22:23:17 INFO  [warn] Project loading failed: (r)etry, (q)uit, (l)ast, or (i)gnore? (default: r)
2024.06.30 22:23:18 INFO  time: ran 'sbt bloopInstall' in 18s
2024.06.30 22:23:18 ERROR sbt command failed: C:\Users\aaa\AppData\Local\Coursier\cache\arc\https\github.com\adoptium\temurin11-binaries\releases\download\jdk-11.0.23%252B9\OpenJDK11U-jdk_x64_windows_hotspot_11.0.23_9.zip\jdk-11.0.23+9\bin\java.exe -Djline.terminal=jline.UnsupportedTerminal -Dsbt.log.noformat=true -Dfile.encoding=UTF-8 -jar C:\Users\aaa\AppData\Local\Temp\metals15130082159687798057\sbt-launch.jar -Dbloop.export-jar-classifiers=sources bloopInstall
2024.06.30 22:23:18 INFO  no build target found for C:\Users\aaa\Desktop\FP\activities\practical-3\src\main\scala\Main.scala. Using presentation compiler with project's scala-library version: 3.3.3
2024.06.30 22:24:31 INFO  no build target found for C:\Users\aaa\Desktop\FP\activities\practical-3\src\main\scala\Main.scala. Using presentation compiler with project's scala-library version: 3.3.3
2024.06.30 22:24:31 INFO  no build target found for C:\Users\aaa\Desktop\FP\activities\practical-3\src\main\scala\Main.scala. Using presentation compiler with project's scala-library version: 3.3.3
2024.06.30 22:24:31 INFO  no build target found for C:\Users\aaa\Desktop\FP\activities\practical-3\src\main\scala\Main.scala. Using presentation compiler with project's scala-library version: 3.3.3
2024.06.30 22:24:31 INFO  no build target found for C:\Users\aaa\Desktop\FP\activities\practical-3\src\main\scala\Main.scala. Using presentation compiler with project's scala-library version: 3.3.3
2024.06.30 22:57:21 INFO  no build target found for C:\Users\aaa\Desktop\FP\activities\practical-3\src\main\scala\Main.scala. Using presentation compiler with project's scala-library version: 3.3.3
2024.06.30 22:57:21 INFO  no build target found for C:\Users\aaa\Desktop\FP\activities\practical-3\src\main\scala\Main.scala. Using presentation compiler with project's scala-library version: 3.3.3
2024.06.30 22:57:22 INFO  no build target found for C:\Users\aaa\Desktop\FP\activities\practical-3\src\main\scala\Main.scala. Using presentation compiler with project's scala-library version: 3.3.3
2024.06.30 22:57:24 INFO  no build target found for C:\Users\aaa\Desktop\FP\activities\practical-3\src\main\scala\Main.scala. Using presentation compiler with project's scala-library version: 3.3.3
2024.06.30 22:57:24 INFO  no build target found for C:\Users\aaa\Desktop\FP\activities\practical-3\src\main\scala\Main.scala. Using presentation compiler with project's scala-library version: 3.3.3
2024.06.30 22:57:25 INFO  no build target found for C:\Users\aaa\Desktop\FP\activities\practical-3\src\main\scala\Main.scala. Using presentation compiler with project's scala-library version: 3.3.3
2024.06.30 22:57:24 WARN  no build target for: C:\Users\aaa\Desktop\FP\activities\practical-3\src\main\scala\Main.scala
2024.06.30 22:57:25 INFO  no build target found for C:\Users\aaa\Desktop\FP\activities\practical-3\src\main\scala\Main.scala. Using presentation compiler with project's scala-library version: 3.3.3
2024.06.30 22:57:26 INFO  no build target found for C:\Users\aaa\Desktop\FP\activities\practical-3\src\main\scala\Main.scala. Using presentation compiler with project's scala-library version: 3.3.3
2024.06.30 22:57:26 INFO  no build target found for C:\Users\aaa\Desktop\FP\activities\practical-3\src\main\scala\Main.scala. Using presentation compiler with project's scala-library version: 3.3.3
2024.06.30 22:57:27 INFO  no build target found for C:\Users\aaa\Desktop\FP\activities\practical-3\src\main\scala\Main.scala. Using presentation compiler with project's scala-library version: 3.3.3
2024.06.30 22:57:27 INFO  no build target found for C:\Users\aaa\Desktop\FP\activities\practical-3\src\main\scala\Main.scala. Using presentation compiler with project's scala-library version: 3.3.3
2024.06.30 22:57:27 INFO  no build target found for C:\Users\aaa\Desktop\FP\activities\practical-3\src\main\scala\Main.scala. Using presentation compiler with project's scala-library version: 3.3.3
2024.06.30 22:57:28 WARN  no build target for: C:\Users\aaa\Desktop\FP\activities\practical-3\src\main\scala\Main.scala
2024.06.30 22:57:28 INFO  no build target found for C:\Users\aaa\Desktop\FP\activities\practical-3\src\main\scala\Main.scala. Using presentation compiler with project's scala-library version: 3.3.3
2024.06.30 22:57:30 INFO  no build target found for C:\Users\aaa\Desktop\FP\activities\practical-3\src\main\scala\Main.scala. Using presentation compiler with project's scala-library version: 3.3.3
2024.06.30 22:57:30 INFO  no build target found for C:\Users\aaa\Desktop\FP\activities\practical-3\src\main\scala\Main.scala. Using presentation compiler with project's scala-library version: 3.3.3
2024.06.30 22:57:31 INFO  no build target found for C:\Users\aaa\Desktop\FP\activities\practical-3\src\main\scala\Main.scala. Using presentation compiler with project's scala-library version: 3.3.3
2024.06.30 22:57:32 INFO  no build target found for C:\Users\aaa\Desktop\FP\activities\practical-3\src\main\scala\Main.scala. Using presentation compiler with project's scala-library version: 3.3.3
2024.06.30 22:57:32 INFO  no build target found for C:\Users\aaa\Desktop\FP\activities\practical-3\src\main\scala\Main.scala. Using presentation compiler with project's scala-library version: 3.3.3
2024.06.30 22:57:32 INFO  no build target found for C:\Users\aaa\Desktop\FP\activities\practical-3\src\main\scala\Main.scala. Using presentation compiler with project's scala-library version: 3.3.3
2024.06.30 22:57:32 INFO  no build target found for C:\Users\aaa\Desktop\FP\activities\practical-3\src\main\scala\Main.scala. Using presentation compiler with project's scala-library version: 3.3.3
2024.06.30 22:57:33 INFO  no build target found for C:\Users\aaa\Desktop\FP\activities\practical-3\src\main\scala\Main.scala. Using presentation compiler with project's scala-library version: 3.3.3
2024.06.30 22:57:33 INFO  no build target found for C:\Users\aaa\Desktop\FP\activities\practical-3\src\main\scala\Main.scala. Using presentation compiler with project's scala-library version: 3.3.3
2024.06.30 22:57:33 INFO  no build target found for C:\Users\aaa\Desktop\FP\activities\practical-3\src\main\scala\Main.scala. Using presentation compiler with project's scala-library version: 3.3.3
2024.06.30 22:57:33 INFO  no build target found for C:\Users\aaa\Desktop\FP\activities\practical-3\src\main\scala\Main.scala. Using presentation compiler with project's scala-library version: 3.3.3
2024.06.30 22:57:34 INFO  no build target found for C:\Users\aaa\Desktop\FP\activities\practical-3\src\main\scala\Main.scala. Using presentation compiler with project's scala-library version: 3.3.3
2024.06.30 22:57:35 INFO  no build target found for C:\Users\aaa\Desktop\FP\activities\practical-3\src\main\scala\Main.scala. Using presentation compiler with project's scala-library version: 3.3.3
2024.06.30 22:57:34 INFO  no build target found for C:\Users\aaa\Desktop\FP\activities\practical-3\src\main\scala\Main.scala. Using presentation compiler with project's scala-library version: 3.3.3
2024.06.30 22:57:35 INFO  no build target found for C:\Users\aaa\Desktop\FP\activities\practical-3\src\main\scala\Main.scala. Using presentation compiler with project's scala-library version: 3.3.3
2024.06.30 22:57:35 INFO  no build target found for C:\Users\aaa\Desktop\FP\activities\practical-3\src\main\scala\Main.scala. Using presentation compiler with project's scala-library version: 3.3.3
2024.06.30 22:57:35 INFO  no build target found for C:\Users\aaa\Desktop\FP\activities\practical-3\src\main\scala\Main.scala. Using presentation compiler with project's scala-library version: 3.3.3
2024.06.30 22:57:36 WARN  no build target for: C:\Users\aaa\Desktop\FP\activities\practical-3\src\main\scala\Main.scala
2024.06.30 22:57:36 INFO  no build target found for C:\Users\aaa\Desktop\FP\activities\practical-3\src\main\scala\Main.scala. Using presentation compiler with project's scala-library version: 3.3.3
2024.06.30 22:57:39 INFO  no build target found for C:\Users\aaa\Desktop\FP\activities\practical-3\src\main\scala\Main.scala. Using presentation compiler with project's scala-library version: 3.3.3
2024.06.30 22:57:39 INFO  no build target found for C:\Users\aaa\Desktop\FP\activities\practical-3\src\main\scala\Main.scala. Using presentation compiler with project's scala-library version: 3.3.3
2024.06.30 22:57:39 INFO  no build target found for C:\Users\aaa\Desktop\FP\activities\practical-3\src\main\scala\Main.scala. Using presentation compiler with project's scala-library version: 3.3.3
2024.06.30 22:57:41 INFO  no build target found for C:\Users\aaa\Desktop\FP\activities\practical-3\src\main\scala\Main.scala. Using presentation compiler with project's scala-library version: 3.3.3
2024.06.30 22:57:41 INFO  no build target found for C:\Users\aaa\Desktop\FP\activities\practical-3\src\main\scala\Main.scala. Using presentation compiler with project's scala-library version: 3.3.3
2024.06.30 22:57:41 INFO  no build target found for C:\Users\aaa\Desktop\FP\activities\practical-3\src\main\scala\Main.scala. Using presentation compiler with project's scala-library version: 3.3.3
2024.06.30 22:57:41 INFO  no build target found for C:\Users\aaa\Desktop\FP\activities\practical-3\src\main\scala\Main.scala. Using presentation compiler with project's scala-library version: 3.3.3
2024.06.30 22:57:41 INFO  no build target found for C:\Users\aaa\Desktop\FP\activities\practical-3\src\main\scala\Main.scala. Using presentation compiler with project's scala-library version: 3.3.3
2024.06.30 22:57:41 INFO  no build target found for C:\Users\aaa\Desktop\FP\activities\practical-3\src\main\scala\Main.scala. Using presentation compiler with project's scala-library version: 3.3.3
2024.06.30 22:57:41 INFO  no build target found for C:\Users\aaa\Desktop\FP\activities\practical-3\src\main\scala\Main.scala. Using presentation compiler with project's scala-library version: 3.3.3
2024.06.30 22:57:42 INFO  no build target found for C:\Users\aaa\Desktop\FP\activities\practical-3\src\main\scala\Main.scala. Using presentation compiler with project's scala-library version: 3.3.3
2024.06.30 22:57:42 INFO  no build target found for C:\Users\aaa\Desktop\FP\activities\practical-3\src\main\scala\Main.scala. Using presentation compiler with project's scala-library version: 3.3.3
2024.06.30 22:57:42 INFO  no build target found for C:\Users\aaa\Desktop\FP\activities\practical-3\src\main\scala\Main.scala. Using presentation compiler with project's scala-library version: 3.3.3
2024.06.30 22:57:42 INFO  no build target found for C:\Users\aaa\Desktop\FP\activities\practical-3\src\main\scala\Main.scala. Using presentation compiler with project's scala-library version: 3.3.3
2024.06.30 22:57:43 INFO  no build target found for C:\Users\aaa\Desktop\FP\activities\practical-3\src\main\scala\Main.scala. Using presentation compiler with project's scala-library version: 3.3.3
2024.06.30 22:57:43 INFO  no build target found for C:\Users\aaa\Desktop\FP\activities\practical-3\src\main\scala\Main.scala. Using presentation compiler with project's scala-library version: 3.3.3
2024.06.30 22:57:44 WARN  no build target for: C:\Users\aaa\Desktop\FP\activities\practical-3\src\main\scala\Main.scala
2024.06.30 22:57:44 INFO  no build target found for C:\Users\aaa\Desktop\FP\activities\practical-3\src\main\scala\Main.scala. Using presentation compiler with project's scala-library version: 3.3.3
2024.06.30 22:58:13 INFO  no build target found for C:\Users\aaa\Desktop\FP\activities\practical-3\src\main\scala\Main.scala. Using presentation compiler with project's scala-library version: 3.3.3
2024.06.30 22:58:13 INFO  no build target found for C:\Users\aaa\Desktop\FP\activities\practical-3\src\main\scala\Main.scala. Using presentation compiler with project's scala-library version: 3.3.3
2024.06.30 22:58:13 INFO  no build target found for C:\Users\aaa\Desktop\FP\activities\practical-3\src\main\scala\Main.scala. Using presentation compiler with project's scala-library version: 3.3.3
2024.06.30 22:58:13 INFO  no build target found for C:\Users\aaa\Desktop\FP\activities\practical-3\src\main\scala\Main.scala. Using presentation compiler with project's scala-library version: 3.3.3
2024.06.30 22:58:14 WARN  no build target for: C:\Users\aaa\Desktop\FP\activities\practical-3\src\main\scala\Main.scala
2024.06.30 22:58:14 INFO  no build target found for C:\Users\aaa\Desktop\FP\activities\practical-3\src\main\scala\Main.scala. Using presentation compiler with project's scala-library version: 3.3.3
2024.06.30 22:58:15 INFO  no build target found for C:\Users\aaa\Desktop\FP\activities\practical-3\src\main\scala\Main.scala. Using presentation compiler with project's scala-library version: 3.3.3
2024.06.30 22:58:15 INFO  no build target found for C:\Users\aaa\Desktop\FP\activities\practical-3\src\main\scala\Main.scala. Using presentation compiler with project's scala-library version: 3.3.3
2024.06.30 22:58:15 INFO  no build target found for C:\Users\aaa\Desktop\FP\activities\practical-3\src\main\scala\Main.scala. Using presentation compiler with project's scala-library version: 3.3.3
2024.06.30 22:58:15 INFO  no build target found for C:\Users\aaa\Desktop\FP\activities\practical-3\src\main\scala\Main.scala. Using presentation compiler with project's scala-library version: 3.3.3
2024.06.30 22:58:15 INFO  no build target found for C:\Users\aaa\Desktop\FP\activities\practical-3\src\main\scala\Main.scala. Using presentation compiler with project's scala-library version: 3.3.3
2024.06.30 22:58:16 INFO  no build target found for C:\Users\aaa\Desktop\FP\activities\practical-3\src\main\scala\Main.scala. Using presentation compiler with project's scala-library version: 3.3.3
2024.06.30 22:58:17 WARN  no build target for: C:\Users\aaa\Desktop\FP\activities\practical-3\src\main\scala\Main.scala
2024.06.30 22:58:17 INFO  no build target found for C:\Users\aaa\Desktop\FP\activities\practical-3\src\main\scala\Main.scala. Using presentation compiler with project's scala-library version: 3.3.3
2024.06.30 22:58:20 INFO  no build target found for C:\Users\aaa\Desktop\FP\activities\practical-3\src\main\scala\Main.scala. Using presentation compiler with project's scala-library version: 3.3.3
2024.06.30 22:58:25 INFO  no build target found for C:\Users\aaa\Desktop\FP\activities\practical-3\src\main\scala\Main.scala. Using presentation compiler with project's scala-library version: 3.3.3
2024.06.30 22:58:25 INFO  no build target found for C:\Users\aaa\Desktop\FP\activities\practical-3\src\main\scala\Main.scala. Using presentation compiler with project's scala-library version: 3.3.3
2024.06.30 22:58:26 INFO  no build target found for C:\Users\aaa\Desktop\FP\activities\practical-3\src\main\scala\Main.scala. Using presentation compiler with project's scala-library version: 3.3.3
2024.06.30 22:58:26 INFO  no build target found for C:\Users\aaa\Desktop\FP\activities\practical-3\src\main\scala\Main.scala. Using presentation compiler with project's scala-library version: 3.3.3
2024.06.30 22:58:26 WARN  no build target for: C:\Users\aaa\Desktop\FP\activities\practical-3\src\main\scala\Main.scala
2024.06.30 22:58:26 INFO  no build target found for C:\Users\aaa\Desktop\FP\activities\practical-3\src\main\scala\Main.scala. Using presentation compiler with project's scala-library version: 3.3.3
2024.06.30 22:58:29 INFO  no build target found for C:\Users\aaa\Desktop\FP\activities\practical-3\src\main\scala\Main.scala. Using presentation compiler with project's scala-library version: 3.3.3
2024.06.30 22:58:37 INFO  no build target found for C:\Users\aaa\Desktop\FP\activities\practical-3\src\main\scala\Main.scala. Using presentation compiler with project's scala-library version: 3.3.3
2024.06.30 22:58:38 INFO  no build target found for C:\Users\aaa\Desktop\FP\activities\practical-3\src\main\scala\Main.scala. Using presentation compiler with project's scala-library version: 3.3.3
2024.06.30 22:58:41 INFO  no build target found for C:\Users\aaa\Desktop\FP\activities\practical-3\src\main\scala\Main.scala. Using presentation compiler with project's scala-library version: 3.3.3
2024.06.30 22:58:41 INFO  no build target found for C:\Users\aaa\Desktop\FP\activities\practical-3\src\main\scala\Main.scala. Using presentation compiler with project's scala-library version: 3.3.3
2024.06.30 22:58:41 INFO  no build target found for C:\Users\aaa\Desktop\FP\activities\practical-3\src\main\scala\Main.scala. Using presentation compiler with project's scala-library version: 3.3.3
2024.06.30 22:58:41 WARN  no build target for: C:\Users\aaa\Desktop\FP\activities\practical-3\src\main\scala\Main.scala
2024.06.30 22:58:41 INFO  no build target found for C:\Users\aaa\Desktop\FP\activities\practical-3\src\main\scala\Main.scala. Using presentation compiler with project's scala-library version: 3.3.3
2024.06.30 22:58:46 INFO  no build target found for C:\Users\aaa\Desktop\FP\activities\practical-3\src\main\scala\Main.scala. Using presentation compiler with project's scala-library version: 3.3.3
2024.06.30 22:58:46 INFO  no build target found for C:\Users\aaa\Desktop\FP\activities\practical-3\src\main\scala\Main.scala. Using presentation compiler with project's scala-library version: 3.3.3
2024.06.30 22:58:48 INFO  no build target found for C:\Users\aaa\Desktop\FP\activities\practical-3\src\main\scala\Main.scala. Using presentation compiler with project's scala-library version: 3.3.3
2024.06.30 22:58:48 INFO  no build target found for C:\Users\aaa\Desktop\FP\activities\practical-3\src\main\scala\Main.scala. Using presentation compiler with project's scala-library version: 3.3.3
2024.06.30 22:58:49 INFO  no build target found for C:\Users\aaa\Desktop\FP\activities\practical-3\src\main\scala\Main.scala. Using presentation compiler with project's scala-library version: 3.3.3
2024.06.30 22:58:49 INFO  no build target found for C:\Users\aaa\Desktop\FP\activities\practical-3\src\main\scala\Main.scala. Using presentation compiler with project's scala-library version: 3.3.3
2024.06.30 22:58:49 INFO  no build target found for C:\Users\aaa\Desktop\FP\activities\practical-3\src\main\scala\Main.scala. Using presentation compiler with project's scala-library version: 3.3.3
2024.06.30 22:58:49 INFO  no build target found for C:\Users\aaa\Desktop\FP\activities\practical-3\src\main\scala\Main.scala. Using presentation compiler with project's scala-library version: 3.3.3
2024.06.30 22:58:49 INFO  no build target found for C:\Users\aaa\Desktop\FP\activities\practical-3\src\main\scala\Main.scala. Using presentation compiler with project's scala-library version: 3.3.3
2024.06.30 22:58:50 WARN  no build target for: C:\Users\aaa\Desktop\FP\activities\practical-3\src\main\scala\Main.scala
2024.06.30 22:58:50 INFO  no build target found for C:\Users\aaa\Desktop\FP\activities\practical-3\src\main\scala\Main.scala. Using presentation compiler with project's scala-library version: 3.3.3
2024.06.30 22:59:02 INFO  no build target found for C:\Users\aaa\Desktop\FP\activities\practical-3\src\main\scala\Main.scala. Using presentation compiler with project's scala-library version: 3.3.3
2024.06.30 22:59:02 INFO  no build target found for C:\Users\aaa\Desktop\FP\activities\practical-3\src\main\scala\Main.scala. Using presentation compiler with project's scala-library version: 3.3.3
2024.06.30 22:59:02 INFO  no build target found for C:\Users\aaa\Desktop\FP\activities\practical-3\src\main\scala\Main.scala. Using presentation compiler with project's scala-library version: 3.3.3
2024.06.30 22:59:04 INFO  no build target found for C:\Users\aaa\Desktop\FP\activities\practical-3\src\main\scala\Main.scala. Using presentation compiler with project's scala-library version: 3.3.3
2024.06.30 22:59:07 INFO  no build target found for C:\Users\aaa\Desktop\FP\activities\practical-3\src\main\scala\Main.scala. Using presentation compiler with project's scala-library version: 3.3.3
2024.06.30 22:59:07 INFO  no build target found for C:\Users\aaa\Desktop\FP\activities\practical-3\src\main\scala\Main.scala. Using presentation compiler with project's scala-library version: 3.3.3
2024.06.30 22:59:08 INFO  no build target found for C:\Users\aaa\Desktop\FP\activities\practical-3\src\main\scala\Main.scala. Using presentation compiler with project's scala-library version: 3.3.3
2024.06.30 22:59:08 INFO  no build target found for C:\Users\aaa\Desktop\FP\activities\practical-3\src\main\scala\Main.scala. Using presentation compiler with project's scala-library version: 3.3.3
2024.06.30 22:59:09 INFO  no build target found for C:\Users\aaa\Desktop\FP\activities\practical-3\src\main\scala\Main.scala. Using presentation compiler with project's scala-library version: 3.3.3
2024.06.30 22:59:09 WARN  no build target for: C:\Users\aaa\Desktop\FP\activities\practical-3\src\main\scala\Main.scala
2024.06.30 22:59:09 INFO  no build target found for C:\Users\aaa\Desktop\FP\activities\practical-3\src\main\scala\Main.scala. Using presentation compiler with project's scala-library version: 3.3.3
2024.06.30 22:59:09 INFO  no build target found for C:\Users\aaa\Desktop\FP\activities\practical-3\src\main\scala\Main.scala. Using presentation compiler with project's scala-library version: 3.3.3
2024.06.30 22:59:09 INFO  no build target found for C:\Users\aaa\Desktop\FP\activities\practical-3\src\main\scala\Main.scala. Using presentation compiler with project's scala-library version: 3.3.3
2024.06.30 22:59:09 INFO  no build target found for C:\Users\aaa\Desktop\FP\activities\practical-3\src\main\scala\Main.scala. Using presentation compiler with project's scala-library version: 3.3.3
2024.06.30 22:59:10 INFO  no build target found for C:\Users\aaa\Desktop\FP\activities\practical-3\src\main\scala\Main.scala. Using presentation compiler with project's scala-library version: 3.3.3
2024.06.30 22:59:10 WARN  no build target for: C:\Users\aaa\Desktop\FP\activities\practical-3\src\main\scala\Main.scala
2024.06.30 22:59:10 INFO  no build target found for C:\Users\aaa\Desktop\FP\activities\practical-3\src\main\scala\Main.scala. Using presentation compiler with project's scala-library version: 3.3.3
2024.06.30 22:59:11 INFO  no build target found for C:\Users\aaa\Desktop\FP\activities\practical-3\src\main\scala\Main.scala. Using presentation compiler with project's scala-library version: 3.3.3
2024.06.30 22:59:11 INFO  no build target found for C:\Users\aaa\Desktop\FP\activities\practical-3\src\main\scala\Main.scala. Using presentation compiler with project's scala-library version: 3.3.3
2024.06.30 22:59:11 INFO  no build target found for C:\Users\aaa\Desktop\FP\activities\practical-3\src\main\scala\Main.scala. Using presentation compiler with project's scala-library version: 3.3.3
2024.06.30 22:59:11 INFO  no build target found for C:\Users\aaa\Desktop\FP\activities\practical-3\src\main\scala\Main.scala. Using presentation compiler with project's scala-library version: 3.3.3
2024.06.30 22:59:12 WARN  no build target for: C:\Users\aaa\Desktop\FP\activities\practical-3\src\main\scala\Main.scala
2024.06.30 22:59:12 INFO  no build target found for C:\Users\aaa\Desktop\FP\activities\practical-3\src\main\scala\Main.scala. Using presentation compiler with project's scala-library version: 3.3.3
2024.06.30 22:59:12 INFO  no build target found for C:\Users\aaa\Desktop\FP\activities\practical-3\src\main\scala\Main.scala. Using presentation compiler with project's scala-library version: 3.3.3
2024.06.30 22:59:13 INFO  no build target found for C:\Users\aaa\Desktop\FP\activities\practical-3\src\main\scala\Main.scala. Using presentation compiler with project's scala-library version: 3.3.3
2024.06.30 22:59:13 INFO  no build target found for C:\Users\aaa\Desktop\FP\activities\practical-3\src\main\scala\Main.scala. Using presentation compiler with project's scala-library version: 3.3.3
2024.06.30 22:59:13 WARN  no build target for: C:\Users\aaa\Desktop\FP\activities\practical-3\src\main\scala\Main.scala
2024.06.30 22:59:13 INFO  no build target found for C:\Users\aaa\Desktop\FP\activities\practical-3\src\main\scala\Main.scala. Using presentation compiler with project's scala-library version: 3.3.3
2024.06.30 22:59:14 INFO  no build target found for C:\Users\aaa\Desktop\FP\activities\practical-3\src\main\scala\Main.scala. Using presentation compiler with project's scala-library version: 3.3.3
2024.06.30 22:59:14 INFO  no build target found for C:\Users\aaa\Desktop\FP\activities\practical-3\src\main\scala\Main.scala. Using presentation compiler with project's scala-library version: 3.3.3
2024.06.30 22:59:14 INFO  no build target found for C:\Users\aaa\Desktop\FP\activities\practical-3\src\main\scala\Main.scala. Using presentation compiler with project's scala-library version: 3.3.3
2024.06.30 22:59:14 INFO  no build target found for C:\Users\aaa\Desktop\FP\activities\practical-3\src\main\scala\Main.scala. Using presentation compiler with project's scala-library version: 3.3.3
2024.06.30 22:59:14 WARN  no build target for: C:\Users\aaa\Desktop\FP\activities\practical-3\src\main\scala\Main.scala
2024.06.30 22:59:14 INFO  no build target found for C:\Users\aaa\Desktop\FP\activities\practical-3\src\main\scala\Main.scala. Using presentation compiler with project's scala-library version: 3.3.3
2024.06.30 22:59:15 INFO  no build target found for C:\Users\aaa\Desktop\FP\activities\practical-3\src\main\scala\Main.scala. Using presentation compiler with project's scala-library version: 3.3.3
2024.06.30 22:59:15 INFO  no build target found for C:\Users\aaa\Desktop\FP\activities\practical-3\src\main\scala\Main.scala. Using presentation compiler with project's scala-library version: 3.3.3
2024.06.30 22:59:14 INFO  no build target found for C:\Users\aaa\Desktop\FP\activities\practical-3\src\main\scala\Main.scala. Using presentation compiler with project's scala-library version: 3.3.3
2024.06.30 22:59:15 INFO  no build target found for C:\Users\aaa\Desktop\FP\activities\practical-3\src\main\scala\Main.scala. Using presentation compiler with project's scala-library version: 3.3.3
2024.06.30 22:59:16 WARN  no build target for: C:\Users\aaa\Desktop\FP\activities\practical-3\src\main\scala\Main.scala
2024.06.30 22:59:16 INFO  no build target found for C:\Users\aaa\Desktop\FP\activities\practical-3\src\main\scala\Main.scala. Using presentation compiler with project's scala-library version: 3.3.3
2024.06.30 22:59:17 INFO  no build target found for C:\Users\aaa\Desktop\FP\activities\practical-3\src\main\scala\Main.scala. Using presentation compiler with project's scala-library version: 3.3.3
2024.06.30 22:59:17 INFO  no build target found for C:\Users\aaa\Desktop\FP\activities\practical-3\src\main\scala\Main.scala. Using presentation compiler with project's scala-library version: 3.3.3
2024.06.30 22:59:17 INFO  no build target found for C:\Users\aaa\Desktop\FP\activities\practical-3\src\main\scala\Main.scala. Using presentation compiler with project's scala-library version: 3.3.3
2024.06.30 22:59:16 INFO  no build target found for C:\Users\aaa\Desktop\FP\activities\practical-3\src\main\scala\Main.scala. Using presentation compiler with project's scala-library version: 3.3.3
2024.06.30 22:59:17 WARN  no build target for: C:\Users\aaa\Desktop\FP\activities\practical-3\src\main\scala\Main.scala
2024.06.30 22:59:17 INFO  no build target found for C:\Users\aaa\Desktop\FP\activities\practical-3\src\main\scala\Main.scala. Using presentation compiler with project's scala-library version: 3.3.3
2024.06.30 22:59:20 INFO  no build target found for C:\Users\aaa\Desktop\FP\activities\practical-3\src\main\scala\Main.scala. Using presentation compiler with project's scala-library version: 3.3.3
2024.06.30 22:59:20 INFO  no build target found for C:\Users\aaa\Desktop\FP\activities\practical-3\src\main\scala\Main.scala. Using presentation compiler with project's scala-library version: 3.3.3
2024.06.30 22:59:20 INFO  no build target found for C:\Users\aaa\Desktop\FP\activities\practical-3\src\main\scala\Main.scala. Using presentation compiler with project's scala-library version: 3.3.3
2024.06.30 22:59:20 INFO  no build target found for C:\Users\aaa\Desktop\FP\activities\practical-3\src\main\scala\Main.scala. Using presentation compiler with project's scala-library version: 3.3.3
2024.06.30 22:59:20 INFO  no build target found for C:\Users\aaa\Desktop\FP\activities\practical-3\src\main\scala\Main.scala. Using presentation compiler with project's scala-library version: 3.3.3
2024.06.30 22:59:20 INFO  no build target found for C:\Users\aaa\Desktop\FP\activities\practical-3\src\main\scala\Main.scala. Using presentation compiler with project's scala-library version: 3.3.3
2024.06.30 22:59:20 INFO  no build target found for C:\Users\aaa\Desktop\FP\activities\practical-3\src\main\scala\Main.scala. Using presentation compiler with project's scala-library version: 3.3.3
2024.06.30 22:59:20 INFO  no build target found for C:\Users\aaa\Desktop\FP\activities\practical-3\src\main\scala\Main.scala. Using presentation compiler with project's scala-library version: 3.3.3
2024.06.30 22:59:20 INFO  no build target found for C:\Users\aaa\Desktop\FP\activities\practical-3\src\main\scala\Main.scala. Using presentation compiler with project's scala-library version: 3.3.3
2024.06.30 22:59:20 INFO  no build target found for C:\Users\aaa\Desktop\FP\activities\practical-3\src\main\scala\Main.scala. Using presentation compiler with project's scala-library version: 3.3.3
2024.06.30 22:59:20 INFO  no build target found for C:\Users\aaa\Desktop\FP\activities\practical-3\src\main\scala\Main.scala. Using presentation compiler with project's scala-library version: 3.3.3
2024.06.30 22:59:20 INFO  no build target found for C:\Users\aaa\Desktop\FP\activities\practical-3\src\main\scala\Main.scala. Using presentation compiler with project's scala-library version: 3.3.3
2024.06.30 22:59:20 INFO  no build target found for C:\Users\aaa\Desktop\FP\activities\practical-3\src\main\scala\Main.scala. Using presentation compiler with project's scala-library version: 3.3.3
2024.06.30 22:59:20 INFO  no build target found for C:\Users\aaa\Desktop\FP\activities\practical-3\src\main\scala\Main.scala. Using presentation compiler with project's scala-library version: 3.3.3
2024.06.30 22:59:21 INFO  no build target found for C:\Users\aaa\Desktop\FP\activities\practical-3\src\main\scala\Main.scala. Using presentation compiler with project's scala-library version: 3.3.3
2024.06.30 22:59:21 INFO  no build target found for C:\Users\aaa\Desktop\FP\activities\practical-3\src\main\scala\Main.scala. Using presentation compiler with project's scala-library version: 3.3.3
2024.06.30 22:59:21 INFO  no build target found for C:\Users\aaa\Desktop\FP\activities\practical-3\src\main\scala\Main.scala. Using presentation compiler with project's scala-library version: 3.3.3
2024.06.30 22:59:21 INFO  no build target found for C:\Users\aaa\Desktop\FP\activities\practical-3\src\main\scala\Main.scala. Using presentation compiler with project's scala-library version: 3.3.3
2024.06.30 22:59:22 WARN  no build target for: C:\Users\aaa\Desktop\FP\activities\practical-3\src\main\scala\Main.scala
2024.06.30 22:59:22 INFO  no build target found for C:\Users\aaa\Desktop\FP\activities\practical-3\src\main\scala\Main.scala. Using presentation compiler with project's scala-library version: 3.3.3
2024.06.30 22:59:22 INFO  no build target found for C:\Users\aaa\Desktop\FP\activities\practical-3\src\main\scala\Main.scala. Using presentation compiler with project's scala-library version: 3.3.3
2024.06.30 22:59:22 INFO  no build target found for C:\Users\aaa\Desktop\FP\activities\practical-3\src\main\scala\Main.scala. Using presentation compiler with project's scala-library version: 3.3.3
2024.06.30 22:59:22 INFO  no build target found for C:\Users\aaa\Desktop\FP\activities\practical-3\src\main\scala\Main.scala. Using presentation compiler with project's scala-library version: 3.3.3
2024.06.30 22:59:23 INFO  no build target found for C:\Users\aaa\Desktop\FP\activities\practical-3\src\main\scala\Main.scala. Using presentation compiler with project's scala-library version: 3.3.3
2024.06.30 22:59:23 INFO  no build target found for C:\Users\aaa\Desktop\FP\activities\practical-3\src\main\scala\Main.scala. Using presentation compiler with project's scala-library version: 3.3.3
2024.06.30 22:59:23 WARN  no build target for: C:\Users\aaa\Desktop\FP\activities\practical-3\src\main\scala\Main.scala
2024.06.30 22:59:23 INFO  no build target found for C:\Users\aaa\Desktop\FP\activities\practical-3\src\main\scala\Main.scala. Using presentation compiler with project's scala-library version: 3.3.3
